2020-09-26 14:24:11,480 WARN 4372 [-/127.0.0.1/-/214ms POST /login] missing csrf token. See https://eggjs.org/zh-cn/core/security.html#安全威胁csrf的防范
2020-09-26 14:24:11,484 WARN 4372 [-/127.0.0.1/-/217ms POST /login] nodejs.ForbiddenError: missing csrf token
    at Object.throw (D:\study\homework\admin\node_modules\koa\lib\context.js:97:11)
    at Object.assertCsrf (D:\study\homework\admin\node_modules\egg-security\app\extend\context.js:162:32)
    at csrf (D:\study\homework\admin\node_modules\egg-security\lib\middlewares\csrf.js:33:9)
    at dispatch (D:\study\homework\admin\node_modules\koa-compose\index.js:42:32)
    at D:\study\homework\admin\node_modules\koa-compose\index.js:34:12
    at dispatch (D:\study\homework\admin\node_modules\koa-compose\index.js:42:32)
    at session (D:\study\homework\admin\node_modules\koa-session\index.js:41:13)
    at dispatch (D:\study\homework\admin\node_modules\koa-compose\index.js:42:32)
    at overrideMethod (D:\study\homework\admin\node_modules\koa-override\index.js:38:12)
    at dispatch (D:\study\homework\admin\node_modules\koa-compose\index.js:42:32)
message: "missing csrf token"
pid: 4372
hostname: DESKTOP-QG94G1N

2020-09-27 19:23:37,015 ERROR 11864 [-/127.0.0.1/-/19ms POST /login] nodejs.ReferenceError: response is not defined
    at UserController.login (D:\study\homework\admin\app\controller\user.js:12:28)
    at processTicksAndRejections (internal/process/task_queues.js:97:5)
    at async D:\study\homework\admin\node_modules\egg-development\app\middleware\egg_loader_trace.js:9:50
    at async xframe (D:\study\homework\admin\node_modules\egg-security\lib\middlewares\xframe.js:7:5)
    at async xssProtection (D:\study\homework\admin\node_modules\egg-security\lib\middlewares\xssProtection.js:7:5)
    at async nosniff (D:\study\homework\admin\node_modules\egg-security\lib\middlewares\nosniff.js:8:5)
    at async noopen (D:\study\homework\admin\node_modules\egg-security\lib\middlewares\noopen.js:8:5)
    at async session (D:\study\homework\admin\node_modules\koa-session\index.js:41:7)
    at async bodyParser (D:\study\homework\admin\node_modules\koa-bodyparser\index.js:95:5)
    at async D:\study\homework\admin\node_modules\koa-static-cache\index.js:39:63

pid: 11864
hostname: DESKTOP-QG94G1N

2020-09-27 19:23:40,149 ERROR 11864 [-/127.0.0.1/-/10ms POST /login] nodejs.ReferenceError: response is not defined
    at UserController.login (D:\study\homework\admin\app\controller\user.js:12:28)
    at processTicksAndRejections (internal/process/task_queues.js:97:5)
    at async D:\study\homework\admin\node_modules\egg-development\app\middleware\egg_loader_trace.js:9:50
    at async xframe (D:\study\homework\admin\node_modules\egg-security\lib\middlewares\xframe.js:7:5)
    at async xssProtection (D:\study\homework\admin\node_modules\egg-security\lib\middlewares\xssProtection.js:7:5)
    at async nosniff (D:\study\homework\admin\node_modules\egg-security\lib\middlewares\nosniff.js:8:5)
    at async noopen (D:\study\homework\admin\node_modules\egg-security\lib\middlewares\noopen.js:8:5)
    at async session (D:\study\homework\admin\node_modules\koa-session\index.js:41:7)
    at async bodyParser (D:\study\homework\admin\node_modules\koa-bodyparser\index.js:95:5)
    at async D:\study\homework\admin\node_modules\koa-static-cache\index.js:39:63

pid: 11864
hostname: DESKTOP-QG94G1N

2020-09-27 19:23:41,308 ERROR 11864 [-/127.0.0.1/-/6ms POST /login] nodejs.ReferenceError: response is not defined
    at UserController.login (D:\study\homework\admin\app\controller\user.js:12:28)
    at processTicksAndRejections (internal/process/task_queues.js:97:5)
    at async D:\study\homework\admin\node_modules\egg-development\app\middleware\egg_loader_trace.js:9:50
    at async xframe (D:\study\homework\admin\node_modules\egg-security\lib\middlewares\xframe.js:7:5)
    at async xssProtection (D:\study\homework\admin\node_modules\egg-security\lib\middlewares\xssProtection.js:7:5)
    at async nosniff (D:\study\homework\admin\node_modules\egg-security\lib\middlewares\nosniff.js:8:5)
    at async noopen (D:\study\homework\admin\node_modules\egg-security\lib\middlewares\noopen.js:8:5)
    at async session (D:\study\homework\admin\node_modules\koa-session\index.js:41:7)
    at async bodyParser (D:\study\homework\admin\node_modules\koa-bodyparser\index.js:95:5)
    at async D:\study\homework\admin\node_modules\koa-static-cache\index.js:39:63

pid: 11864
hostname: DESKTOP-QG94G1N

2020-09-27 19:39:16,267 ERROR 17516 [-/127.0.0.1/-/4ms POST /userInfo] nodejs.ReferenceError: aervice is not defined
    at UserController.userInfo (D:\study\homework\admin\app\controller\user.js:27:20)
    at Object.callFn (D:\study\homework\admin\node_modules\egg-core\lib\utils\index.js:44:21)
    at Object.classControllerMiddleware (D:\study\homework\admin\node_modules\egg-core\lib\loader\mixin\controller.js:87:20)
    at Object.callFn (D:\study\homework\admin\node_modules\@eggjs\router\lib\utils.js:12:21)
    at wrappedController (D:\study\homework\admin\node_modules\@eggjs\router\lib\egg_router.js:322:18)
    at dispatch (D:\study\homework\admin\node_modules\@eggjs\router\node_modules\koa-compose\index.js:44:32)
    at next (D:\study\homework\admin\node_modules\@eggjs\router\node_modules\koa-compose\index.js:45:18)
    at D:\study\homework\admin\node_modules\@eggjs\router\lib\router.js:190:18
    at dispatch (D:\study\homework\admin\node_modules\@eggjs\router\node_modules\koa-compose\index.js:44:32)
    at D:\study\homework\admin\node_modules\@eggjs\router\node_modules\koa-compose\index.js:36:12

pid: 17516
hostname: DESKTOP-QG94G1N

2020-09-27 19:40:51,225 ERROR 17516 [-/127.0.0.1/-/2ms POST /userInfo] nodejs.ReferenceError: aervice is not defined
    at UserController.userInfo (D:\study\homework\admin\app\controller\user.js:27:20)
    at Object.callFn (D:\study\homework\admin\node_modules\egg-core\lib\utils\index.js:44:21)
    at Object.classControllerMiddleware (D:\study\homework\admin\node_modules\egg-core\lib\loader\mixin\controller.js:87:20)
    at Object.callFn (D:\study\homework\admin\node_modules\@eggjs\router\lib\utils.js:12:21)
    at wrappedController (D:\study\homework\admin\node_modules\@eggjs\router\lib\egg_router.js:322:18)
    at dispatch (D:\study\homework\admin\node_modules\@eggjs\router\node_modules\koa-compose\index.js:44:32)
    at next (D:\study\homework\admin\node_modules\@eggjs\router\node_modules\koa-compose\index.js:45:18)
    at D:\study\homework\admin\node_modules\@eggjs\router\lib\router.js:190:18
    at dispatch (D:\study\homework\admin\node_modules\@eggjs\router\node_modules\koa-compose\index.js:44:32)
    at D:\study\homework\admin\node_modules\@eggjs\router\node_modules\koa-compose\index.js:36:12

pid: 17516
hostname: DESKTOP-QG94G1N

2020-09-27 19:42:12,655 ERROR 16420 [-/127.0.0.1/-/5ms POST /userInfo] nodejs.ReferenceError: service is not defined
    at UserController.userInfo (D:\study\homework\admin\app\controller\user.js:27:20)
    at Object.callFn (D:\study\homework\admin\node_modules\egg-core\lib\utils\index.js:44:21)
    at Object.classControllerMiddleware (D:\study\homework\admin\node_modules\egg-core\lib\loader\mixin\controller.js:87:20)
    at Object.callFn (D:\study\homework\admin\node_modules\@eggjs\router\lib\utils.js:12:21)
    at wrappedController (D:\study\homework\admin\node_modules\@eggjs\router\lib\egg_router.js:322:18)
    at dispatch (D:\study\homework\admin\node_modules\@eggjs\router\node_modules\koa-compose\index.js:44:32)
    at next (D:\study\homework\admin\node_modules\@eggjs\router\node_modules\koa-compose\index.js:45:18)
    at D:\study\homework\admin\node_modules\@eggjs\router\lib\router.js:190:18
    at dispatch (D:\study\homework\admin\node_modules\@eggjs\router\node_modules\koa-compose\index.js:44:32)
    at D:\study\homework\admin\node_modules\@eggjs\router\node_modules\koa-compose\index.js:36:12

pid: 16420
hostname: DESKTOP-QG94G1N

2020-09-28 15:14:04,291 ERROR 2820 [-/127.0.0.1/-/5ms POST /logout] nodejs.ReferenceError: ctx is not defined
    at UserController.logout (D:\study\homework\admin\app\controller\user.js:38:5)
    at Object.callFn (D:\study\homework\admin\node_modules\egg-core\lib\utils\index.js:44:21)
    at Object.classControllerMiddleware (D:\study\homework\admin\node_modules\egg-core\lib\loader\mixin\controller.js:87:20)
    at Object.callFn (D:\study\homework\admin\node_modules\@eggjs\router\lib\utils.js:12:21)
    at wrappedController (D:\study\homework\admin\node_modules\@eggjs\router\lib\egg_router.js:322:18)
    at dispatch (D:\study\homework\admin\node_modules\@eggjs\router\node_modules\koa-compose\index.js:44:32)
    at next (D:\study\homework\admin\node_modules\@eggjs\router\node_modules\koa-compose\index.js:45:18)
    at D:\study\homework\admin\node_modules\@eggjs\router\lib\router.js:190:18
    at dispatch (D:\study\homework\admin\node_modules\@eggjs\router\node_modules\koa-compose\index.js:44:32)
    at D:\study\homework\admin\node_modules\@eggjs\router\node_modules\koa-compose\index.js:36:12

pid: 2820
hostname: DESKTOP-QG94G1N

2020-09-28 15:14:07,529 ERROR 2820 [-/127.0.0.1/-/2ms POST /logout] nodejs.ReferenceError: ctx is not defined
    at UserController.logout (D:\study\homework\admin\app\controller\user.js:38:5)
    at Object.callFn (D:\study\homework\admin\node_modules\egg-core\lib\utils\index.js:44:21)
    at Object.classControllerMiddleware (D:\study\homework\admin\node_modules\egg-core\lib\loader\mixin\controller.js:87:20)
    at Object.callFn (D:\study\homework\admin\node_modules\@eggjs\router\lib\utils.js:12:21)
    at wrappedController (D:\study\homework\admin\node_modules\@eggjs\router\lib\egg_router.js:322:18)
    at dispatch (D:\study\homework\admin\node_modules\@eggjs\router\node_modules\koa-compose\index.js:44:32)
    at next (D:\study\homework\admin\node_modules\@eggjs\router\node_modules\koa-compose\index.js:45:18)
    at D:\study\homework\admin\node_modules\@eggjs\router\lib\router.js:190:18
    at dispatch (D:\study\homework\admin\node_modules\@eggjs\router\node_modules\koa-compose\index.js:44:32)
    at D:\study\homework\admin\node_modules\@eggjs\router\node_modules\koa-compose\index.js:36:12

pid: 2820
hostname: DESKTOP-QG94G1N

2020-09-28 15:14:10,093 ERROR 2820 [-/127.0.0.1/-/1ms POST /logout] nodejs.ReferenceError: ctx is not defined
    at UserController.logout (D:\study\homework\admin\app\controller\user.js:38:5)
    at Object.callFn (D:\study\homework\admin\node_modules\egg-core\lib\utils\index.js:44:21)
    at Object.classControllerMiddleware (D:\study\homework\admin\node_modules\egg-core\lib\loader\mixin\controller.js:87:20)
    at Object.callFn (D:\study\homework\admin\node_modules\@eggjs\router\lib\utils.js:12:21)
    at wrappedController (D:\study\homework\admin\node_modules\@eggjs\router\lib\egg_router.js:322:18)
    at dispatch (D:\study\homework\admin\node_modules\@eggjs\router\node_modules\koa-compose\index.js:44:32)
    at next (D:\study\homework\admin\node_modules\@eggjs\router\node_modules\koa-compose\index.js:45:18)
    at D:\study\homework\admin\node_modules\@eggjs\router\lib\router.js:190:18
    at dispatch (D:\study\homework\admin\node_modules\@eggjs\router\node_modules\koa-compose\index.js:44:32)
    at D:\study\homework\admin\node_modules\@eggjs\router\node_modules\koa-compose\index.js:36:12

pid: 2820
hostname: DESKTOP-QG94G1N

2020-09-28 15:14:12,006 ERROR 2820 [-/127.0.0.1/-/4ms POST /logout] nodejs.ReferenceError: ctx is not defined
    at UserController.logout (D:\study\homework\admin\app\controller\user.js:38:5)
    at Object.callFn (D:\study\homework\admin\node_modules\egg-core\lib\utils\index.js:44:21)
    at Object.classControllerMiddleware (D:\study\homework\admin\node_modules\egg-core\lib\loader\mixin\controller.js:87:20)
    at Object.callFn (D:\study\homework\admin\node_modules\@eggjs\router\lib\utils.js:12:21)
    at wrappedController (D:\study\homework\admin\node_modules\@eggjs\router\lib\egg_router.js:322:18)
    at dispatch (D:\study\homework\admin\node_modules\@eggjs\router\node_modules\koa-compose\index.js:44:32)
    at next (D:\study\homework\admin\node_modules\@eggjs\router\node_modules\koa-compose\index.js:45:18)
    at D:\study\homework\admin\node_modules\@eggjs\router\lib\router.js:190:18
    at dispatch (D:\study\homework\admin\node_modules\@eggjs\router\node_modules\koa-compose\index.js:44:32)
    at D:\study\homework\admin\node_modules\@eggjs\router\node_modules\koa-compose\index.js:36:12

pid: 2820
hostname: DESKTOP-QG94G1N

2020-09-28 15:14:41,227 ERROR 2820 [-/127.0.0.1/-/2ms POST /logout] nodejs.ReferenceError: ctx is not defined
    at UserController.logout (D:\study\homework\admin\app\controller\user.js:38:5)
    at Object.callFn (D:\study\homework\admin\node_modules\egg-core\lib\utils\index.js:44:21)
    at Object.classControllerMiddleware (D:\study\homework\admin\node_modules\egg-core\lib\loader\mixin\controller.js:87:20)
    at Object.callFn (D:\study\homework\admin\node_modules\@eggjs\router\lib\utils.js:12:21)
    at wrappedController (D:\study\homework\admin\node_modules\@eggjs\router\lib\egg_router.js:322:18)
    at dispatch (D:\study\homework\admin\node_modules\@eggjs\router\node_modules\koa-compose\index.js:44:32)
    at next (D:\study\homework\admin\node_modules\@eggjs\router\node_modules\koa-compose\index.js:45:18)
    at D:\study\homework\admin\node_modules\@eggjs\router\lib\router.js:190:18
    at dispatch (D:\study\homework\admin\node_modules\@eggjs\router\node_modules\koa-compose\index.js:44:32)
    at D:\study\homework\admin\node_modules\@eggjs\router\node_modules\koa-compose\index.js:36:12

pid: 2820
hostname: DESKTOP-QG94G1N

